<?xml version="1.0" encoding="UTF-8"?>
<coverage generated="1620081879020" clover="3.2.0">
  <project timestamp="1620081879021" name="All files">
    <metrics statements="82" coveredstatements="78" conditionals="49" coveredconditionals="45" methods="25" coveredmethods="25" elements="156" coveredelements="148" complexity="0" loc="82" ncloc="82" packages="1" files="2" classes="2"/>
    <file name="basicOperations.js" path="/Users/mac/Desktop/Radium Rocket/Semana 13 - Integration Tests/basicOperations.js">
      <metrics statements="35" coveredstatements="34" conditionals="4" coveredconditionals="3" methods="19" coveredmethods="19"/>
      <line num="1" count="2" type="stmt"/>
      <line num="2" count="28" type="stmt"/>
      <line num="5" count="2" type="stmt"/>
      <line num="6" count="15" type="stmt"/>
      <line num="9" count="2" type="stmt"/>
      <line num="10" count="6" type="stmt"/>
      <line num="13" count="2" type="stmt"/>
      <line num="14" count="2" type="stmt"/>
      <line num="15" count="2" type="stmt"/>
      <line num="18" count="2" type="stmt"/>
      <line num="19" count="2" type="stmt"/>
      <line num="22" count="2" type="stmt"/>
      <line num="23" count="3" type="stmt"/>
      <line num="26" count="2" type="stmt"/>
      <line num="27" count="1" type="stmt"/>
      <line num="30" count="2" type="stmt"/>
      <line num="31" count="1" type="stmt"/>
      <line num="34" count="2" type="stmt"/>
      <line num="35" count="4" type="stmt"/>
      <line num="36" count="4" type="stmt"/>
      <line num="39" count="2" type="stmt"/>
      <line num="40" count="5" type="stmt"/>
      <line num="43" count="2" type="stmt"/>
      <line num="44" count="6" type="stmt"/>
      <line num="47" count="2" type="stmt"/>
      <line num="48" count="1" type="stmt"/>
      <line num="49" count="3" type="cond" truecount="2" falsecount="0"/>
      <line num="50" count="1" type="stmt"/>
      <line num="52" count="2" type="cond" truecount="1" falsecount="1"/>
      <line num="53" count="2" type="stmt"/>
      <line num="55" count="0" type="stmt"/>
      <line num="59" count="2" type="stmt"/>
      <line num="60" count="11" type="stmt"/>
      <line num="63" count="2" type="stmt"/>
      <line num="64" count="11" type="stmt"/>
    </file>
    <file name="complexOperations.js" path="/Users/mac/Desktop/Radium Rocket/Semana 13 - Integration Tests/complexOperations.js">
      <metrics statements="47" coveredstatements="44" conditionals="45" coveredconditionals="42" methods="6" coveredmethods="6"/>
      <line num="23" count="2" type="stmt"/>
      <line num="24" count="12" type="cond" truecount="4" falsecount="0"/>
      <line num="25" count="5" type="stmt"/>
      <line num="27" count="7" type="stmt"/>
      <line num="28" count="7" type="cond" truecount="2" falsecount="0"/>
      <line num="29" count="3" type="stmt"/>
      <line num="31" count="4" type="stmt"/>
      <line num="47" count="2" type="cond" truecount="1" falsecount="0"/>
      <line num="48" count="4" type="cond" truecount="3" falsecount="1"/>
      <line num="49" count="0" type="stmt"/>
      <line num="51" count="4" type="cond" truecount="3" falsecount="1"/>
      <line num="52" count="0" type="stmt"/>
      <line num="54" count="4" type="cond" truecount="4" falsecount="1"/>
      <line num="57" count="2" type="stmt"/>
      <line num="59" count="1" type="stmt"/>
      <line num="62" count="1" type="stmt"/>
      <line num="63" count="1" type="stmt"/>
      <line num="65" count="0" type="stmt"/>
      <line num="86" count="2" type="stmt"/>
      <line num="87" count="4" type="cond" truecount="5" falsecount="0"/>
      <line num="88" count="2" type="stmt"/>
      <line num="90" count="2" type="stmt"/>
      <line num="91" count="2" type="cond" truecount="2" falsecount="0"/>
      <line num="92" count="1" type="stmt"/>
      <line num="94" count="1" type="stmt"/>
      <line num="108" count="2" type="stmt"/>
      <line num="109" count="4" type="cond" truecount="4" falsecount="0"/>
      <line num="110" count="2" type="stmt"/>
      <line num="112" count="2" type="stmt"/>
      <line num="113" count="2" type="cond" truecount="2" falsecount="0"/>
      <line num="114" count="1" type="stmt"/>
      <line num="116" count="1" type="stmt"/>
      <line num="131" count="2" type="stmt"/>
      <line num="132" count="4" type="cond" truecount="2" falsecount="0"/>
      <line num="133" count="1" type="stmt"/>
      <line num="135" count="3" type="cond" truecount="4" falsecount="0"/>
      <line num="136" count="1" type="stmt"/>
      <line num="138" count="2" type="cond" truecount="2" falsecount="0"/>
      <line num="139" count="1" type="stmt"/>
      <line num="141" count="1" type="stmt"/>
      <line num="155" count="2" type="stmt"/>
      <line num="156" count="4" type="cond" truecount="2" falsecount="0"/>
      <line num="157" count="1" type="stmt"/>
      <line num="159" count="3" type="stmt"/>
      <line num="160" count="3" type="cond" truecount="2" falsecount="0"/>
      <line num="161" count="1" type="stmt"/>
      <line num="163" count="2" type="stmt"/>
    </file>
  </project>
</coverage>
